0.2415173948
0.4766079187
0.3284940124
0.0683798343
0.0170581769
0.0231109951
0.2420849651
0.0245534554
0.3213748634
0.0479264446
0.7395173907
0.0304500442
0.1912671626
0.8309838176
0.0172296204
0.0257593151
0.0640847906
0.0902966857
0.0232984498
0.5468558669
0.2656960189
0.0121138673
0.1460436434
0.0496277474
0.0295849312
0.0224119648
0.0211234726
0.0762393549
0.2875173986
0.0121138673
0.0247594267
0.5053763390
0.0630040318
0.0317011662
0.0168604944
0.0228268001
0.1121975631
0.0157629531
0.0240050368
0.0170083418
0.0919076800
0.0496277474
0.0251798537
0.0549074560
0.4197919965
0.7473196983
0.2651610374
0.0228268001
0.0295138545
0.6167590618
0.0184033792
0.2609384656
0.9274355173
0.0228268001
0.0496277474
0.0166949630
0.0202039331
0.1200478822
0.0172296204
0.0571285412
0.0625585988
0.0207447559
0.0172296204
0.0464926958
0.0175479650
0.2519603074
0.0245534554
0.5290789008
0.0172296204
0.2757107615
0.2638459504
0.0431589484
0.0168604944
0.0363853686
0.0211853404
0.0363853686
0.0245534554
0.0172296204
0.0240050368
0.6547425389
0.0121138673
0.0154028721
0.0172296204
0.0231936835
0.1047518849
0.3448853493
0.0195467900
0.0172296204
0.7485072613
0.2322279662
0.3264749646
0.0245534554
0.6807358265
0.0524162427
0.0776258558
0.4317389429
0.6547425389
0.4352225065
0.1919890493
0.2348828018
0.2481869012
0.0996203870
0.0271198750
0.4317389429
0.0170083418
0.8666579723
0.0687142164
0.0121138673
0.0184033792
0.0240050368
0.0329807065
0.3714107871
0.0215733312
0.3200589716
0.4846631587
0.0174622480
0.2820225656
0.0389213376
0.1506589502
0.0172296204
0.0231109951
0.6715505719
0.0240050368
0.0163252503
0.0337981395
0.0128728570
0.0228268001
0.1919890493
0.0228268001
0.0295849312
0.0815353468
0.0121138673
0.0236034971
0.0106071616
0.0168604944
0.0175479650
0.0228268001
0.1564587951
0.0213075429
0.0433924422
0.6382383108
0.0227865614
0.0125739211
0.0221129227
0.7791001797
0.1606566012
0.0571285412
0.1353482604
0.0496277474
0.1586482674
0.5290789008
0.6714553237
0.0358841345
0.0191608965
0.0344555564
0.0608109310
0.0496277474
0.0245534554
0.0172296204
0.0496277474
0.0707121044
0.7412216663
0.1958108544
0.0227865614
0.4846631587
0.0157617759
0.0172296204
0.0166949630
0.0245534554
0.4461824894
0.0232575350
0.8806011081
0.8891018033
0.7198662162
0.0900014713
0.0467994474
0.2704390883
0.1045308039
0.1048845649
0.0121138673
0.4052193165
0.1801890433
0.1645213664
0.0919076800
0.3228884041
0.7412216663
0.0784155279
0.0496277474
0.3438305855
0.0216155909
0.0170083418
0.1600444615
0.0792026594
0.8600738049
0.0166949630
0.0276394393
0.4461824894
0.4901397228
0.0940045938
0.0231936835
0.7703952789
0.2987444103
0.0363853686
0.0873924047
0.0240050368
0.0121138673
0.0227962248
0.0216166731
0.0245534554
0.3308408856
0.1680204719
0.0431589484
0.3345664442
0.0232575350
0.0211234726
0.4197919965
0.2562381327
0.0199614577
0.0819650218
0.0191971567
0.0260022637
0.8700816631
0.6195336580
0.0221129227
0.0901173875
0.0121138673
0.0418462828
0.0625585988
0.0309538301
0.2963006496
0.0266229697
0.0184033792
0.0172800999
0.0625585988
0.0170083418
0.0228268001
0.4800148010
0.6884317994
0.0270385761
0.0646703467
0.0172296204
0.2507441640
0.0282199625
0.4504481852
0.0496277474
0.0121138673
0.0305629093
0.0265068766
0.0907818228
0.0121138673
0.1520127803
0.8982073069
0.4309960902
0.0121138673
0.0308516566
0.8413173556
0.8270273805
0.0477065891
0.0240050368
0.0232575350
0.7575055957
0.0184033792
0.0646703467
0.0280847363
0.9678423405
0.8453192115
0.9065215588
0.9567894936
0.9533059597
0.8962796926
0.9197612405
0.7266843915
0.9291945696
0.9409350157
0.9625214338
0.2666742206
0.9728800654
0.9681305289
0.9509662986
0.9736561775
0.9270257950
0.8987128139
0.7375246882
0.9056032896
0.9728800654
0.9228150249
0.9000694752
0.4052193165
0.9339386225
0.8907225132
0.7424432039
0.9272928238
0.8965317011
0.9051207304
0.9728800654
0.9377495646
0.6291678548
0.9454122782
0.8907225132
0.4461824894
0.9022991061
0.9272928238
0.7500410676
0.9227555990
0.7301423550
0.9682785869
0.9222700000
0.8162699342
0.9457029104
0.7500410676
0.8972739577
0.9035642147
0.9689942002
0.9596641660
0.8362537026
0.8964123726
0.9666113257
0.8630664349
0.9420819879
0.9665505290
0.8298190832
0.7412216663
0.7535172701
0.9274355173
0.8535668254
0.9455927610
0.9274355173
0.7500410676
0.8948137760
0.6836349368
0.7500410676
0.9291945696
0.9788348675
0.9409350157
0.9255102277
0.9704861045
0.9463016987
0.9002892375
0.9235060215
0.8950815797
0.6971511245
0.9764224291
0.7412216663
0.9451786280
0.7412216663
0.7294994593
0.9567894936
0.9455927610
0.9045255780
0.9291945696
0.7375246882
0.7412216663
0.9594179988
0.8883367181
0.9577289224
0.9255102277
0.9235060215
0.9477234483
0.9025368690
0.9185006618
0.7484318614
0.7655633092
0.9181331396
0.9254832268
0.9000694752
0.9405604005
0.7326777577
0.7791001797
0.8339511752
0.8706959486
0.8985230923
0.8652622104
0.9393626451
0.9517329931
0.9689942002
0.9567894936
0.8430651426
0.9399924278
0.7460573912
0.8600738049
0.9590694308
0.7512611151
0.9590694308
0.8739219308
0.9291945696
0.7412216663
0.9405604005
0.8907225132
0.6765858531
0.9423060417
0.7470998764
0.9477234483
0.9276466966
0.9457029104
0.9459682703
0.8932219148
0.9227314591
0.9454122782
0.8942285776
0.7375438809
0.7575055957
0.7412216663
0.9444257617
0.9330823421
0.9418992996
0.9109981656
0.8945684433
0.8257344961
0.9631954432
0.9119503498
0.9405604005
0.9482646585
0.9399147034
0.9728800654
0.4329719543
0.9444257617
0.9588302374
0.9729814529
0.9654288888
0.9637034535
0.9084563851
0.9595364332
0.7196339369
0.9103185534
0.9454122782
0.8636474013
0.9652778506
0.9736561775
0.9002892375
0.8212851882
0.9728800654
0.9000694752
0.9636130333
0.9678423405
0.9457029104
0.9227555990
0.8374087214
0.7194523215
0.8414931297
0.9031673074
0.9588044286
0.7492576838
0.4680799246
0.9601872563
0.9423060417
0.6928721070
0.9583318233
0.9704861045
0.9689942002
0.6878130436
0.7365812659
0.9148108959
0.9405604005
0.7395173907
0.9291945696
0.9237405658
0.9377495646
0.6844658256
0.7449603081
0.7453920245
0.8669371009
0.9590438604
0.9736561775
0.9457029104
0.9731870890
0.9728800654
0.7327122092
0.9594179988
0.9636130333
0.9309062958
0.7534525990
0.7515691519
0.8901447058
0.7575055957
0.9051207304
0.8682308793
0.9728800654
0.9477234483
0.9082381129
0.9676973224
0.9264717698
0.8244453669
0.9729814529
0.9658641219
0.2012339085
0.7997719646
0.9468679428
0.9276466966
0.9272928238
0.7412216663
